<?xml version="1.0" encoding="UTF-8"?>
<!-- Generated by org.testng.reporters.JUnitXMLReporter -->
<testsuite ignored="1" hostname="DESKTOP-V9I9RFR" failures="0" tests="1" name="Default test" time="6.193" errors="0" timestamp="2022-04-10T15:07:18 WAT">
  <testcase classname="com.lynn.qa.tests.LoginPageTests" name="LogoDisplayed" time="0.088"/>
  <testcase classname="com.lynn.qa.tests.LoginPageTests" name="ValidatePageTitle" time="0.0">
    <ignored/>
  </testcase> <!-- ValidatePageTitle -->
</testsuite> <!-- Default test -->
