<?xml version="1.0" encoding="UTF-8"?>
<testng-results ignored="1" total="2" passed="1" failed="0" skipped="0">
  <reporter-output>
  </reporter-output>
  <suite started-at="2022-04-10T15:07:12 WAT" name="Default suite" finished-at="2022-04-10T15:07:18 WAT" duration-ms="6193">
    <groups>
    </groups>
    <test started-at="2022-04-10T15:07:12 WAT" name="Default test" finished-at="2022-04-10T15:07:18 WAT" duration-ms="6193">
      <class name="com.lynn.qa.tests.LoginPageTests">
        <test-method is-config="true" signature="setUp()[pri:0, instance:com.lynn.qa.tests.LoginPageTests@c88a337]" started-at="2022-04-10T15:07:12 WAT" name="setUp" finished-at="2022-04-10T15:07:17 WAT" duration-ms="4912" status="PASS">
          <reporter-output>
          </reporter-output>
        </test-method> <!-- setUp -->
        <test-method signature="LogoDisplayed()[pri:0, instance:com.lynn.qa.tests.LoginPageTests@c88a337]" started-at="2022-04-10T15:07:17 WAT" name="LogoDisplayed" finished-at="2022-04-10T15:07:17 WAT" duration-ms="88" status="PASS">
          <reporter-output>
          </reporter-output>
        </test-method> <!-- LogoDisplayed -->
        <test-method is-config="true" signature="tearDown()[pri:0, instance:com.lynn.qa.tests.LoginPageTests@c88a337]" started-at="2022-04-10T15:07:17 WAT" name="tearDown" finished-at="2022-04-10T15:07:18 WAT" duration-ms="1142" status="PASS">
          <reporter-output>
          </reporter-output>
        </test-method> <!-- tearDown -->
      </class> <!-- com.lynn.qa.tests.LoginPageTests -->
    </test> <!-- Default test -->
  </suite> <!-- Default suite -->
</testng-results>
