<?xml version="1.0" encoding="UTF-8"?>
<testng-results ignored="1" total="2" passed="1" failed="0" skipped="0">
  <reporter-output>
  </reporter-output>
  <suite started-at="2022-04-10T15:00:52 WAT" name="Default suite" finished-at="2022-04-10T15:00:59 WAT" duration-ms="7337">
    <groups>
    </groups>
    <test started-at="2022-04-10T15:00:52 WAT" name="Default test" finished-at="2022-04-10T15:00:59 WAT" duration-ms="7337">
      <class name="com.lynn.qa.tests.LoginPageTests">
        <test-method is-config="true" signature="setUp()[pri:0, instance:com.lynn.qa.tests.LoginPageTests@c88a337]" started-at="2022-04-10T15:00:52 WAT" name="setUp" finished-at="2022-04-10T15:00:58 WAT" duration-ms="6051" status="PASS">
          <reporter-output>
          </reporter-output>
        </test-method> <!-- setUp -->
        <test-method signature="ValidatePageTitle()[pri:0, instance:com.lynn.qa.tests.LoginPageTests@c88a337]" started-at="2022-04-10T15:00:58 WAT" name="ValidatePageTitle" finished-at="2022-04-10T15:00:58 WAT" duration-ms="28" status="PASS">
          <reporter-output>
          </reporter-output>
        </test-method> <!-- ValidatePageTitle -->
        <test-method is-config="true" signature="tearDown()[pri:0, instance:com.lynn.qa.tests.LoginPageTests@c88a337]" started-at="2022-04-10T15:00:58 WAT" name="tearDown" finished-at="2022-04-10T15:00:59 WAT" duration-ms="1202" status="PASS">
          <reporter-output>
          </reporter-output>
        </test-method> <!-- tearDown -->
      </class> <!-- com.lynn.qa.tests.LoginPageTests -->
    </test> <!-- Default test -->
  </suite> <!-- Default suite -->
</testng-results>
